[JavaFX Application Thread] ERROR bg.tu_varna.sit.inventorymanagement.application.HelloApplication  - Sorry, the main fxml could not be loaded
[JavaFX Application Thread] ERROR bg.tu_varna.sit.inventorymanagement.application.HelloApplication  - Sorry, the main fxml could not be loaded
[JavaFX Application Thread] ERROR bg.tu_varna.sit.inventorymanagement.application.HelloApplication  - Sorry, the main fxml could not be loaded
[JavaFX Application Thread] ERROR bg.tu_varna.sit.inventorymanagement.application.HelloApplication  - Sorry, the main fxml could not be loaded
[JavaFX Application Thread] ERROR bg.tu_varna.sit.inventorymanagement.application.HelloApplication  - Sorry, the main fxml could not be loaded
[JavaFX Application Thread] ERROR bg.tu_varna.sit.inventorymanagement.application.HelloApplication  - Sorry, the main fxml could not be loaded
[JavaFX Application Thread] ERROR bg.tu_varna.sit.inventorymanagement.application.HelloApplication  - Sorry, the main fxml could not be loaded
[JavaFX Application Thread] ERROR bg.tu_varna.sit.inventorymanagement.application.HelloApplication  - Sorry, the main fxml could not be loaded
[JavaFX Application Thread] ERROR bg.tu_varna.sit.inventorymanagement.application.HelloApplication  - Sorry, the main fxml could not be loaded
[JavaFX Application Thread] ERROR bg.tu_varna.sit.inventorymanagement.data.access.Connection  - Initial SessionFactory created failedorg.hibernate.internal.util.config.ConfigurationException: Could not locate cfg.xml resource [hibernate.cfg.xml]
[JavaFX Application Thread] ERROR bg.tu_varna.sit.inventorymanagement.data.access.Connection  - Initial SessionFactory created failedorg.hibernate.boot.registry.classloading.spi.ClassLoadingException: Unable to load class [bg.tu_varna.sit.example.data.entities.Admin]
[JavaFX Application Thread] ERROR bg.tu_varna.sit.inventorymanagement.data.access.Connection  - Initial SessionFactory created failedorg.hibernate.MappingException: Could not instantiate persister org.hibernate.persister.entity.SingleTableEntityPersister
[JavaFX Application Thread] ERROR bg.tu_varna.sit.inventorymanagement.data.access.Connection  - Initial SessionFactory created failedorg.hibernate.AnnotationException: Unknown mappedBy in: bg.tu_varna.sit.inventorymanagement.data.entities.Amortization.product, referenced property unknown: bg.tu_varna.sit.inventorymanagement.data.entities.Product.byAmortization
[JavaFX Application Thread] ERROR org.hibernate.engine.jdbc.spi.SqlExceptionHelper  - Access denied for user 'root'@'localhost' (using password: YES)
[JavaFX Application Thread] ERROR bg.tu_varna.sit.inventorymanagement.data.access.Connection  - Initial SessionFactory created failedorg.hibernate.service.spi.ServiceException: Unable to create requested service [org.hibernate.engine.jdbc.env.spi.JdbcEnvironment]
[JavaFX Application Thread] ERROR org.hibernate.engine.jdbc.spi.SqlExceptionHelper  - Column 'id_condition' cannot be null
[JavaFX Application Thread] ERROR bg.tu_varna.sit.inventorymanagement.data.repositories.ProductRepository  - Product save errorcould not execute statement
[JavaFX Application Thread] ERROR org.hibernate.AssertionFailure  - HHH000099: an assertion failure occurred (this may indicate a bug in Hibernate, but is more likely due to unsafe use of the session): org.hibernate.AssertionFailure: null id in bg.tu_varna.sit.inventorymanagement.data.entities.Product entry (don't flush the Session after an exception occurs)
[JavaFX Application Thread] ERROR org.hibernate.engine.jdbc.spi.SqlExceptionHelper  - Column 'id_condition' cannot be null
[JavaFX Application Thread] ERROR bg.tu_varna.sit.inventorymanagement.data.repositories.ProductRepository  - Product save errorcould not execute statement
[JavaFX Application Thread] ERROR org.hibernate.AssertionFailure  - HHH000099: an assertion failure occurred (this may indicate a bug in Hibernate, but is more likely due to unsafe use of the session): org.hibernate.AssertionFailure: null id in bg.tu_varna.sit.inventorymanagement.data.entities.Product entry (don't flush the Session after an exception occurs)
[JavaFX Application Thread] ERROR org.hibernate.engine.jdbc.spi.SqlExceptionHelper  - Column 'id_condition' cannot be null
[JavaFX Application Thread] ERROR bg.tu_varna.sit.inventorymanagement.data.repositories.ProductRepository  - Product save errorcould not execute statement
[JavaFX Application Thread] ERROR org.hibernate.AssertionFailure  - HHH000099: an assertion failure occurred (this may indicate a bug in Hibernate, but is more likely due to unsafe use of the session): org.hibernate.AssertionFailure: null id in bg.tu_varna.sit.inventorymanagement.data.entities.Product entry (don't flush the Session after an exception occurs)
[JavaFX Application Thread] ERROR org.hibernate.engine.jdbc.spi.SqlExceptionHelper  - Column 'id_mol' cannot be null
[JavaFX Application Thread] ERROR bg.tu_varna.sit.inventorymanagement.data.repositories.ProductRepository  - Product save errorcould not execute statement
[JavaFX Application Thread] ERROR org.hibernate.AssertionFailure  - HHH000099: an assertion failure occurred (this may indicate a bug in Hibernate, but is more likely due to unsafe use of the session): org.hibernate.AssertionFailure: null id in bg.tu_varna.sit.inventorymanagement.data.entities.Product entry (don't flush the Session after an exception occurs)
[JavaFX Application Thread] ERROR org.hibernate.engine.jdbc.spi.SqlExceptionHelper  - Column 'id_mol' cannot be null
[JavaFX Application Thread] ERROR bg.tu_varna.sit.inventorymanagement.data.repositories.ProductRepository  - Product save errorcould not execute statement
[JavaFX Application Thread] ERROR org.hibernate.AssertionFailure  - HHH000099: an assertion failure occurred (this may indicate a bug in Hibernate, but is more likely due to unsafe use of the session): org.hibernate.AssertionFailure: null id in bg.tu_varna.sit.inventorymanagement.data.entities.Product entry (don't flush the Session after an exception occurs)
[JavaFX Application Thread] ERROR org.hibernate.engine.jdbc.spi.SqlExceptionHelper  - Column 'id_amortization' cannot be null
[JavaFX Application Thread] ERROR bg.tu_varna.sit.inventorymanagement.data.repositories.ProductRepository  - Product save errorcould not execute statement
[JavaFX Application Thread] ERROR org.hibernate.AssertionFailure  - HHH000099: an assertion failure occurred (this may indicate a bug in Hibernate, but is more likely due to unsafe use of the session): org.hibernate.AssertionFailure: null id in bg.tu_varna.sit.inventorymanagement.data.entities.Product entry (don't flush the Session after an exception occurs)
[Hibernate Connection Pool Validation Thread] ERROR org.hibernate.engine.jdbc.spi.SqlExceptionHelper  - Communications link failure

The last packet sent successfully to the server was 0 milliseconds ago. The driver has not received any packets from the server.
[JavaFX Application Thread] ERROR bg.tu_varna.sit.inventorymanagement.data.repositories.CustomerBoardRepository  - Customer board update errorThe given object has a null identifier: bg.tu_varna.sit.inventorymanagement.data.entities.CustomerBoard
[JavaFX Application Thread] ERROR bg.tu_varna.sit.inventorymanagement.data.repositories.CustomerBoardRepository  - Customer board update errorThe given object has a null identifier: bg.tu_varna.sit.inventorymanagement.data.entities.CustomerBoard
[JavaFX Application Thread] ERROR bg.tu_varna.sit.inventorymanagement.data.repositories.CustomerBoardRepository  - Customer board update errorThe given object has a null identifier: bg.tu_varna.sit.inventorymanagement.data.entities.CustomerBoard
[JavaFX Application Thread] ERROR bg.tu_varna.sit.inventorymanagement.data.repositories.CustomerBoardRepository  - Customer board update errorThe given object has a null identifier: bg.tu_varna.sit.inventorymanagement.data.entities.CustomerBoard
